2024-07-13 09:39:45.623 [main] INFO  [com.yj.tech.admin.AdminApplication] - Starting AdminApplication using Java 17.0.11 with PID 90506 (/Users/wing/architect/github/component/smart/smart-business/smart-admin/target/classes started by wing in /Users/wing/architect/github/component/smart)
2024-07-13 09:39:45.624 [main] INFO  [com.yj.tech.admin.AdminApplication] - The following 1 profile is active: "dev"
2024-07-13 09:39:46.141 [main] INFO  [o.s.boot.web.embedded.tomcat.TomcatWebServer] - Tomcat initialized with port(s): 9998 (http)
2024-07-13 09:39:46.145 [main] INFO  [org.apache.coyote.http11.Http11NioProtocol] - Initializing ProtocolHandler ["http-nio-9998"]
2024-07-13 09:39:46.145 [main] INFO  [org.apache.catalina.core.StandardService] - Starting service [Tomcat]
2024-07-13 09:39:46.145 [main] INFO  [org.apache.catalina.core.StandardEngine] - Starting Servlet engine: [Apache Tomcat/10.1.11]
2024-07-13 09:39:46.185 [main] INFO  [o.a.c.core.ContainerBase.[Tomcat].[localhost].[/]] - Initializing Spring embedded WebApplicationContext
2024-07-13 09:39:46.186 [main] INFO  [o.s.b.w.s.c.ServletWebServerApplicationContext] - Root WebApplicationContext: initialization completed in 545 ms
2024-07-13 09:39:46.661 [main] INFO  [org.apache.coyote.http11.Http11NioProtocol] - Starting ProtocolHandler ["http-nio-9998"]
2024-07-13 09:39:46.671 [main] INFO  [o.s.boot.web.embedded.tomcat.TomcatWebServer] - Tomcat started on port(s): 9998 (http) with context path ''
2024-07-13 09:39:46.677 [main] INFO  [com.yj.tech.admin.AdminApplication] - Started AdminApplication in 1.222 seconds (process running for 1.496)
2024-07-13 09:40:08.421 [main] INFO  [com.yj.tech.admin.AdminApplication] - Starting AdminApplication using Java 17.0.11 with PID 90619 (/Users/wing/architect/github/component/smart/smart-business/smart-admin/target/classes started by wing in /Users/wing/architect/github/component/smart)
2024-07-13 09:40:08.422 [main] INFO  [com.yj.tech.admin.AdminApplication] - The following 1 profile is active: "dev"
2024-07-13 09:40:08.955 [main] INFO  [o.s.boot.web.embedded.tomcat.TomcatWebServer] - Tomcat initialized with port(s): 9999 (http)
2024-07-13 09:40:08.959 [main] INFO  [org.apache.coyote.http11.Http11NioProtocol] - Initializing ProtocolHandler ["http-nio-9999"]
2024-07-13 09:40:08.959 [main] INFO  [org.apache.catalina.core.StandardService] - Starting service [Tomcat]
2024-07-13 09:40:08.959 [main] INFO  [org.apache.catalina.core.StandardEngine] - Starting Servlet engine: [Apache Tomcat/10.1.11]
2024-07-13 09:40:09.005 [main] INFO  [o.a.c.core.ContainerBase.[Tomcat].[localhost].[/]] - Initializing Spring embedded WebApplicationContext
2024-07-13 09:40:09.006 [main] INFO  [o.s.b.w.s.c.ServletWebServerApplicationContext] - Root WebApplicationContext: initialization completed in 565 ms
2024-07-13 09:40:09.530 [main] INFO  [org.apache.coyote.http11.Http11NioProtocol] - Starting ProtocolHandler ["http-nio-9999"]
2024-07-13 09:40:09.540 [main] INFO  [o.s.boot.web.embedded.tomcat.TomcatWebServer] - Tomcat started on port(s): 9999 (http) with context path ''
2024-07-13 09:40:09.547 [main] INFO  [com.yj.tech.admin.AdminApplication] - Started AdminApplication in 1.283 seconds (process running for 1.523)
2024-07-13 09:41:36.515 [http-nio-9999-exec-2] INFO  [o.a.c.core.ContainerBase.[Tomcat].[localhost].[/]] - Initializing Spring DispatcherServlet 'dispatcherServlet'
2024-07-13 09:41:36.515 [http-nio-9999-exec-2] INFO  [org.springframework.web.servlet.DispatcherServlet] - Initializing Servlet 'dispatcherServlet'
2024-07-13 09:41:36.516 [http-nio-9999-exec-2] INFO  [org.springframework.web.servlet.DispatcherServlet] - Completed initialization in 1 ms
2024-07-13 09:41:36.663 [http-nio-9999-exec-1] INFO  [org.springdoc.api.AbstractOpenApiResource] - Init duration for springdoc-openapi is: 97 ms
2024-07-13 09:43:09.102 [http-nio-9999-exec-5] INFO  [com.yj.tech.admin.modules.test.TestController] - 这是info日志
2024-07-13 09:56:09.071 [main] INFO  [com.yj.tech.admin.AdminApplication] - Starting AdminApplication using Java 17.0.11 with PID 95348 (/Users/wing/architect/github/component/smart/smart-business/smart-admin/target/classes started by wing in /Users/wing/architect/github/component/smart)
2024-07-13 09:56:09.072 [main] INFO  [com.yj.tech.admin.AdminApplication] - The following 1 profile is active: "dev"
2024-07-13 09:56:09.530 [main] INFO  [o.s.boot.web.embedded.tomcat.TomcatWebServer] - Tomcat initialized with port(s): 9999 (http)
2024-07-13 09:56:09.533 [main] INFO  [org.apache.coyote.http11.Http11NioProtocol] - Initializing ProtocolHandler ["http-nio-9999"]
2024-07-13 09:56:09.534 [main] INFO  [org.apache.catalina.core.StandardService] - Starting service [Tomcat]
2024-07-13 09:56:09.534 [main] INFO  [org.apache.catalina.core.StandardEngine] - Starting Servlet engine: [Apache Tomcat/10.1.11]
2024-07-13 09:56:09.571 [main] INFO  [o.a.c.core.ContainerBase.[Tomcat].[localhost].[/]] - Initializing Spring embedded WebApplicationContext
2024-07-13 09:56:09.572 [main] INFO  [o.s.b.w.s.c.ServletWebServerApplicationContext] - Root WebApplicationContext: initialization completed in 484 ms
2024-07-13 09:56:10.005 [main] INFO  [org.apache.coyote.http11.Http11NioProtocol] - Starting ProtocolHandler ["http-nio-9999"]
2024-07-13 09:56:10.013 [main] INFO  [o.s.boot.web.embedded.tomcat.TomcatWebServer] - Tomcat started on port(s): 9999 (http) with context path ''
2024-07-13 09:56:10.018 [main] INFO  [com.yj.tech.admin.AdminApplication] - Started AdminApplication in 1.1 seconds (process running for 1.354)
2024-07-13 09:56:15.239 [http-nio-9999-exec-1] INFO  [o.a.c.core.ContainerBase.[Tomcat].[localhost].[/]] - Initializing Spring DispatcherServlet 'dispatcherServlet'
2024-07-13 09:56:15.239 [http-nio-9999-exec-1] INFO  [org.springframework.web.servlet.DispatcherServlet] - Initializing Servlet 'dispatcherServlet'
2024-07-13 09:56:15.241 [http-nio-9999-exec-1] INFO  [org.springframework.web.servlet.DispatcherServlet] - Completed initialization in 2 ms
2024-07-13 09:56:15.537 [http-nio-9999-exec-3] INFO  [org.springdoc.api.AbstractOpenApiResource] - Init duration for springdoc-openapi is: 107 ms
2024-07-13 09:56:21.403 [http-nio-9999-exec-4] INFO  [com.zaxxer.hikari.HikariDataSource] - HikariPool-1 - Starting...
2024-07-13 09:56:27.694 [http-nio-9999-exec-4] INFO  [com.zaxxer.hikari.pool.HikariPool] - HikariPool-1 - Added connection com.mysql.cj.jdbc.ConnectionImpl@7f7f93e2
2024-07-13 09:56:27.695 [http-nio-9999-exec-4] INFO  [com.zaxxer.hikari.HikariDataSource] - HikariPool-1 - Start completed.
2024-07-13 10:06:07.596 [SpringApplicationShutdownHook] INFO  [com.zaxxer.hikari.HikariDataSource] - HikariPool-1 - Shutdown initiated...
2024-07-13 10:06:07.599 [SpringApplicationShutdownHook] INFO  [com.zaxxer.hikari.HikariDataSource] - HikariPool-1 - Shutdown completed.
2024-07-13 10:06:10.399 [main] INFO  [com.yj.tech.admin.AdminApplication] - Starting AdminApplication using Java 17.0.11 with PID 98625 (/Users/wing/architect/github/component/smart/smart-business/smart-admin/target/classes started by wing in /Users/wing/architect/github/component/smart)
2024-07-13 10:06:10.400 [main] INFO  [com.yj.tech.admin.AdminApplication] - The following 1 profile is active: "dev"
2024-07-13 10:06:10.939 [main] INFO  [o.s.boot.web.embedded.tomcat.TomcatWebServer] - Tomcat initialized with port(s): 9999 (http)
2024-07-13 10:06:10.942 [main] INFO  [org.apache.coyote.http11.Http11NioProtocol] - Initializing ProtocolHandler ["http-nio-9999"]
2024-07-13 10:06:10.943 [main] INFO  [org.apache.catalina.core.StandardService] - Starting service [Tomcat]
2024-07-13 10:06:10.943 [main] INFO  [org.apache.catalina.core.StandardEngine] - Starting Servlet engine: [Apache Tomcat/10.1.11]
2024-07-13 10:06:10.978 [main] INFO  [o.a.c.core.ContainerBase.[Tomcat].[localhost].[/]] - Initializing Spring embedded WebApplicationContext
2024-07-13 10:06:10.978 [main] INFO  [o.s.b.w.s.c.ServletWebServerApplicationContext] - Root WebApplicationContext: initialization completed in 564 ms
2024-07-13 10:06:11.483 [main] INFO  [org.apache.coyote.http11.Http11NioProtocol] - Starting ProtocolHandler ["http-nio-9999"]
2024-07-13 10:06:11.491 [main] INFO  [o.s.boot.web.embedded.tomcat.TomcatWebServer] - Tomcat started on port(s): 9999 (http) with context path ''
2024-07-13 10:06:11.496 [main] INFO  [com.yj.tech.admin.AdminApplication] - Started AdminApplication in 1.258 seconds (process running for 1.52)
2024-07-13 10:06:19.024 [http-nio-9999-exec-2] INFO  [o.a.c.core.ContainerBase.[Tomcat].[localhost].[/]] - Initializing Spring DispatcherServlet 'dispatcherServlet'
2024-07-13 10:06:19.025 [http-nio-9999-exec-2] INFO  [org.springframework.web.servlet.DispatcherServlet] - Initializing Servlet 'dispatcherServlet'
2024-07-13 10:06:19.026 [http-nio-9999-exec-2] INFO  [org.springframework.web.servlet.DispatcherServlet] - Completed initialization in 1 ms
2024-07-13 10:06:19.312 [http-nio-9999-exec-3] INFO  [org.springdoc.api.AbstractOpenApiResource] - Init duration for springdoc-openapi is: 105 ms
2024-07-13 10:08:33.660 [main] INFO  [com.yj.tech.admin.AdminApplication] - Starting AdminApplication using Java 17.0.11 with PID 99335 (/Users/wing/architect/github/component/smart/smart-business/smart-admin/target/classes started by wing in /Users/wing/architect/github/component/smart)
2024-07-13 10:08:33.661 [main] INFO  [com.yj.tech.admin.AdminApplication] - The following 1 profile is active: "dev"
2024-07-13 10:08:34.201 [main] INFO  [o.s.boot.web.embedded.tomcat.TomcatWebServer] - Tomcat initialized with port(s): 9999 (http)
2024-07-13 10:08:34.205 [main] INFO  [org.apache.coyote.http11.Http11NioProtocol] - Initializing ProtocolHandler ["http-nio-9999"]
2024-07-13 10:08:34.205 [main] INFO  [org.apache.catalina.core.StandardService] - Starting service [Tomcat]
2024-07-13 10:08:34.205 [main] INFO  [org.apache.catalina.core.StandardEngine] - Starting Servlet engine: [Apache Tomcat/10.1.11]
2024-07-13 10:08:34.240 [main] INFO  [o.a.c.core.ContainerBase.[Tomcat].[localhost].[/]] - Initializing Spring embedded WebApplicationContext
2024-07-13 10:08:34.240 [main] INFO  [o.s.b.w.s.c.ServletWebServerApplicationContext] - Root WebApplicationContext: initialization completed in 562 ms
2024-07-13 10:08:34.749 [main] INFO  [org.apache.coyote.http11.Http11NioProtocol] - Starting ProtocolHandler ["http-nio-9999"]
2024-07-13 10:08:34.758 [main] INFO  [o.s.boot.web.embedded.tomcat.TomcatWebServer] - Tomcat started on port(s): 9999 (http) with context path ''
2024-07-13 10:08:34.763 [main] INFO  [com.yj.tech.admin.AdminApplication] - Started AdminApplication in 1.293 seconds (process running for 1.548)
2024-07-13 10:08:40.183 [http-nio-9999-exec-1] INFO  [o.a.c.core.ContainerBase.[Tomcat].[localhost].[/]] - Initializing Spring DispatcherServlet 'dispatcherServlet'
2024-07-13 10:08:40.183 [http-nio-9999-exec-1] INFO  [org.springframework.web.servlet.DispatcherServlet] - Initializing Servlet 'dispatcherServlet'
2024-07-13 10:08:40.185 [http-nio-9999-exec-1] INFO  [org.springframework.web.servlet.DispatcherServlet] - Completed initialization in 2 ms
2024-07-13 10:08:40.445 [http-nio-9999-exec-3] INFO  [org.springdoc.api.AbstractOpenApiResource] - Init duration for springdoc-openapi is: 106 ms
2024-07-13 10:08:43.179 [http-nio-9999-exec-4] INFO  [com.yj.tech.admin.aspectj.AopLog] - Request Log Info : 【/dept/getDeptList】 {"classMethod":"com.yj.tech.admin.modules.system.api.controller.DeptController.getDeptList","requestParams":{},"timeCost":4}
2024-07-13 10:08:43.209 [http-nio-9999-exec-4] INFO  [com.zaxxer.hikari.HikariDataSource] - HikariPool-1 - Starting...
2024-07-13 10:08:48.255 [http-nio-9999-exec-4] INFO  [com.zaxxer.hikari.pool.HikariPool] - HikariPool-1 - Added connection com.mysql.cj.jdbc.ConnectionImpl@5692217a
2024-07-13 10:08:48.256 [http-nio-9999-exec-4] INFO  [com.zaxxer.hikari.HikariDataSource] - HikariPool-1 - Start completed.
2024-07-13 10:08:48.518 [http-nio-9999-exec-4] INFO  [com.yj.tech.admin.aspectj.AopLog] - Response Log Info : 【/dept/getDeptList】 {"classMethod":"com.yj.tech.admin.modules.system.api.controller.DeptController.getDeptList","result":{"code":200,"data":[{"id":1,"deleteStatus":1,"createTime":1688433228000,"updateTime":1688433228000,"deptName":"红猪科技","orderNum":0,"manager":"张三","phone":"17368578463","email":"4407509@qq.com","status":true,"createBy":"admin","updateBy":"","parentId":0},{"id":2,"deleteStatus":1,"createTime":1688433228000,"updateTime":1688433228000,"deptName":"北京分公司","orderNum":1,"manager":"张三","phone":"17368578463","email":"4407509@qq.com","status":true,"createBy":"admin","updateBy":"","parentId":1},{"id":3,"deleteStatus":1,"createTime":1688433228000,"updateTime":1688433228000,"deptName":"上海分公司","orderNum":2,"manager":"张三","phone":"17368578463","email":"4407509@qq.com","status":true,"createBy":"admin","updateBy":"","parentId":1},{"id":4,"deleteStatus":1,"createTime":1688433228000,"updateTime":1688433228000,"deptName":"研发部门","orderNum":1,"manager":"张三","phone":"17368578463","email":"4407509@qq.com","status":true,"createBy":"admin","updateBy":"","parentId":2},{"id":5,"deleteStatus":1,"createTime":1688433228000,"updateTime":1688433228000,"deptName":"市场部门","orderNum":2,"manager":"张三","phone":"17368578463","email":"4407509@qq.com","status":true,"createBy":"admin","updateBy":"","parentId":2},{"id":6,"deleteStatus":1,"createTime":1688433228000,"updateTime":1688433228000,"deptName":"测试部门","orderNum":3,"manager":"张三","phone":"17368578463","email":"4407509@qq.com","status":true,"createBy":"admin","updateBy":"","parentId":2},{"id":7,"deleteStatus":1,"createTime":1688433228000,"updateTime":1689081323000,"deptName":"财务部门","orderNum":4,"manager":"张三","phone":"17368578463","email":"4407509@qq.com","status":true,"createBy":"admin","updateBy":"","parentId":2},{"id":8,"deleteStatus":1,"createTime":1688433228000,"updateTime":1688433228000,"deptName":"运维部门","orderNum":5,"manager":"张三","phone":"17368578463","email":"4407509@qq.com","status":true,"createBy":"admin","updateBy":"","parentId":3},{"id":9,"deleteStatus":1,"createTime":1688433228000,"updateTime":1688433228000,"deptName":"市场部门","orderNum":1,"manager":"张三","phone":"17368578463","email":"4407509@qq.com","status":true,"createBy":"admin","updateBy":"","parentId":3},{"id":10,"deleteStatus":1,"createTime":1688433228000,"updateTime":1688433228000,"deptName":"财务部门","orderNum":2,"manager":"张三","phone":"17368578463","email":"4407509@qq.com","status":true,"createBy":"admin","updateBy":"","parentId":3},{"id":11,"deleteStatus":1,"createTime":1688433228000,"updateTime":1688433228000,"deptName":"深圳分公司","orderNum":2,"manager":"张三","phone":"17368578463","email":"4407509@qq.com","status":true,"createBy":"admin","updateBy":"","parentId":1},{"id":12,"deleteStatus":1,"createTime":1688433228000,"updateTime":1688433228000,"deptName":"技术部门","orderNum":1,"manager":"张三","phone":"17368578463","email":"4407509@qq.com","status":true,"createBy":"admin","updateBy":"","parentId":11},{"id":13,"deleteStatus":1,"createTime":1688433228000,"updateTime":1688433228000,"deptName":"采购部门","orderNum":2,"manager":"张三","phone":"17368578463","email":"4407509@qq.com","status":true,"createBy":"admin","updateBy":"","parentId":11},{"id":14,"deleteStatus":1,"createTime":1688433228000,"updateTime":1688433228000,"deptName":"生产部门","orderNum":3,"manager":"张三","phone":"17368578463","email":"4407509@qq.com","status":true,"createBy":"admin","updateBy":"","parentId":11},{"id":15,"deleteStatus":1,"createTime":1688433228000,"updateTime":1688433228000,"deptName":"设备部门","orderNum":4,"manager":"张三","phone":"17368578463","email":"4407509@qq.com","status":true,"createBy":"admin","updateBy":"","parentId":11},{"id":16,"deleteStatus":1,"createTime":1688433228000,"updateTime":1688433228000,"deptName":"物控部门","orderNum":5,"manager":"张三","phone":"17368578463","email":"4407509@qq.com","status":true,"createBy":"admin","updateBy":"","parentId":11},{"id":17,"deleteStatus":1,"createTime":1688433228000,"updateTime":1688433228000,"deptName":"质量部门","orderNum":1,"manager":"张三","phone":"17368578463","email":"4407509@qq.com","status":true,"createBy":"admin","updateBy":"","parentId":11},{"id":18,"deleteStatus":1,"createTime":1688433228000,"updateTime":1688433228000,"deptName":"工艺部门","orderNum":2,"manager":"张三","phone":"17368578463","email":"4407509@qq.com","status":true,"createBy":"admin","updateBy":"","parentId":11},{"id":211,"deleteStatus":0,"createTime":1689839943000,"updateTime":1689929495000,"deptName":"集团总部","orderNum":1,"manager":"4324","phone":"17368578463","email":"4408509@qq.com","status":false,"createBy":"admin123","updateBy":"admin123","parentId":0},{"id":212,"deleteStatus":1,"createTime":1691697264000,"updateTime":1691697264000,"deptName":"测试部门","orderNum":1,"manager":"张三","phone":"17368546956","email":"4407509@qq.com","status":true,"createBy":"admin123","updateBy":"admin123","parentId":1},{"id":213,"deleteStatus":1,"createTime":1692857488000,"updateTime":1692857488000,"deptName":"研发部门","orderNum":1,"manager":"张三","phone":"17368598569","email":"4407509@qq.com","status":true,"createBy":"admin123","updateBy":"admin123","parentId":1},{"id":214,"deleteStatus":1,"createTime":1692857529000,"updateTime":1692857529000,"deptName":"研发-风控部门","orderNum":1,"manager":"李四","phone":"17368546956","email":"4407509@qq.com","status":true,"createBy":"admin123","updateBy":"admin123","parentId":213}]},"timeCost":5379,"userAgent":"Mozilla/5.0 (Macintosh; Intel Mac OS X 10_15_7) AppleWebKit/537.36 (KHTML, like Gecko) Chrome/126.0.0.0 Safari/537.36"}
2024-07-13 10:09:32.219 [http-nio-9999-exec-5] INFO  [com.yj.tech.admin.aspectj.AopLog] - Request Log Info : 【/test/log】 {"classMethod":"com.yj.tech.admin.modules.test.TestController.isFollow","requestParams":{},"timeCost":0}
2024-07-13 10:09:32.220 [http-nio-9999-exec-5] INFO  [com.yj.tech.admin.modules.test.TestController] - 这是info日志
2024-07-13 10:09:32.221 [http-nio-9999-exec-5] INFO  [com.yj.tech.admin.aspectj.AopLog] - Response Log Info : 【/test/log】 {"classMethod":"com.yj.tech.admin.modules.test.TestController.isFollow","result":{"code":200,"data":"ok"},"timeCost":3,"userAgent":"Mozilla/5.0 (Macintosh; Intel Mac OS X 10_15_7) AppleWebKit/537.36 (KHTML, like Gecko) Chrome/126.0.0.0 Safari/537.36"}
2024-07-13 10:10:17.049 [http-nio-9999-exec-7] INFO  [com.yj.tech.admin.aspectj.AopLog] - Request Log Info : 【/test/test】 {"classMethod":"com.yj.tech.admin.modules.test.TestController.test","requestParams":{"who":"34567"},"timeCost":1}
2024-07-13 10:10:17.050 [http-nio-9999-exec-7] INFO  [com.yj.tech.admin.aspectj.AopLog] - Response Log Info : 【/test/test】 {"classMethod":"com.yj.tech.admin.modules.test.TestController.test","result":{"who":"34567"},"timeCost":2,"userAgent":"Mozilla/5.0 (Macintosh; Intel Mac OS X 10_15_7) AppleWebKit/537.36 (KHTML, like Gecko) Chrome/126.0.0.0 Safari/537.36"}
